<?xml version="1.0" encoding="UTF-8"?>
<!-- Generated by org.testng.reporters.JUnitXMLReporter -->
<testsuite hostname="akshit" ignored="0" name="Command line test" tests="2" failures="0" timestamp="14 May 2022 13:44:21 GMT" time="0.044" errors="0">
  <testcase name="@BeforeClass setup" time="0.0" classname="com.Orangehrm.testCases.BaseClass">
    <failure type="org.testng.TestNGException" message="
Parameter &amp;apos;browser&amp;apos; is required by BeforeClass on method setup but has not been marked @Optional or defined
">
      <![CDATA[org.testng.TestNGException: 
Parameter 'browser' is required by BeforeClass on method setup but has not been marked @Optional or defined

... Removed 33 stack frames]]>
    </failure>
  </testcase> <!-- @BeforeClass setup -->
  <testcase name="@AfterClass teardown" time="0.0" classname="com.Orangehrm.testCases.BaseClass">
    <skipped/>
  </testcase> <!-- @AfterClass teardown -->
  <testcase name="@BeforeClass setup" time="0.0" classname="com.Orangehrm.testCases.BaseClass">
    <skipped/>
  </testcase> <!-- @BeforeClass setup -->
  <testcase name="@AfterClass teardown" time="0.0" classname="com.Orangehrm.testCases.BaseClass">
    <skipped/>
  </testcase> <!-- @AfterClass teardown -->
  <testcase name="loginTest" time="0.0" classname="com.Orangehrm.testCases.TC001_UserLoginTest">
    <skipped/>
  </testcase> <!-- loginTest -->
  <testcase name="forgotYourPasswordTest" time="0.0" classname="com.Orangehrm.testCases.TC002_ForgotYourPasswordLinkDisplayedTest">
    <skipped/>
  </testcase> <!-- forgotYourPasswordTest -->
</testsuite> <!-- Command line test -->
